<?xml version="1.0" encoding="UTF-8"?>
<!-- Generated by org.testng.reporters.JUnitXMLReporter -->
<testsuite hostname="MittalComputer" ignored="2" name="Test1" tests="1" failures="0" timestamp="2020-09-08T16:39:29 EDT" time="9.811" errors="0">
  <testcase name="test1" time="0.003" classname="com.test.Practice"/>
  <testcase name="test3" time="0.0" classname="com.test.Practice">
    <ignored/>
  </testcase> <!-- test3 -->
  <testcase name="test2" time="0.0" classname="com.test.Practice">
    <ignored/>
  </testcase> <!-- test2 -->
</testsuite> <!-- Test1 -->
