<?xml version="1.0" encoding="UTF-8"?>
<!-- Generated by org.testng.reporters.JUnitXMLReporter -->
<testsuite hostname="MittalComputer" ignored="2" name="Test3" tests="1" failures="0" timestamp="2020-09-08T16:39:30 EDT" time="10.136" errors="0">
  <testcase name="test3" time="0.005" classname="com.test.Practice"/>
  <testcase name="test2" time="0.0" classname="com.test.Practice">
    <ignored/>
  </testcase> <!-- test2 -->
  <testcase name="test1" time="0.0" classname="com.test.Practice">
    <ignored/>
  </testcase> <!-- test1 -->
</testsuite> <!-- Test3 -->
